<?xml version="1.0" encoding="UTF-8"?>
<testng-results skipped="0" failed="0" ignored="0" total="1" passed="1">
  <reporter-output>
  </reporter-output>
  <suite name="Default suite" duration-ms="25261" started-at="2018-03-07T21:11:10Z" finished-at="2018-03-07T21:11:35Z">
    <groups>
    </groups>
    <test name="Default test" duration-ms="25261" started-at="2018-03-07T21:11:10Z" finished-at="2018-03-07T21:11:35Z">
      <class name="com.Hrm.TestScript.HrmScript">
        <test-method status="PASS" signature="OpenBrowser()[pri:0, instance:com.Hrm.TestScript.HrmScript@5442a311]" name="OpenBrowser" is-config="true" duration-ms="9709" started-at="2018-03-08T02:41:10Z" finished-at="2018-03-08T02:41:19Z">
          <reporter-output>
          </reporter-output>
        </test-method> <!-- OpenBrowser -->
        <test-method status="PASS" signature="LoginToApp()[pri:0, instance:com.Hrm.TestScript.HrmScript@5442a311]" name="LoginToApp" is-config="true" duration-ms="5695" started-at="2018-03-08T02:41:19Z" finished-at="2018-03-08T02:41:25Z">
          <reporter-output>
          </reporter-output>
        </test-method> <!-- LoginToApp -->
        <test-method status="PASS" signature="TestScripts()[pri:0, instance:com.Hrm.TestScript.HrmScript@5442a311]" name="TestScripts" duration-ms="7818" started-at="2018-03-08T02:41:25Z" finished-at="2018-03-08T02:41:33Z">
          <reporter-output>
          </reporter-output>
        </test-method> <!-- TestScripts -->
        <test-method status="PASS" signature="LogoutFromApp()[pri:0, instance:com.Hrm.TestScript.HrmScript@5442a311]" name="LogoutFromApp" is-config="true" duration-ms="586" started-at="2018-03-08T02:41:33Z" finished-at="2018-03-08T02:41:34Z">
          <reporter-output>
          </reporter-output>
        </test-method> <!-- LogoutFromApp -->
        <test-method status="PASS" signature="CloseBrowser()[pri:0, instance:com.Hrm.TestScript.HrmScript@5442a311]" name="CloseBrowser" is-config="true" duration-ms="1424" started-at="2018-03-08T02:41:34Z" finished-at="2018-03-08T02:41:35Z">
          <reporter-output>
          </reporter-output>
        </test-method> <!-- CloseBrowser -->
      </class> <!-- com.Hrm.TestScript.HrmScript -->
    </test> <!-- Default test -->
  </suite> <!-- Default suite -->
</testng-results>
